<?xml version="1.0" encoding="UTF-8"?>
<testng-results skipped="0" failed="0" ignored="0" total="1" passed="1">
  <reporter-output>
  </reporter-output>
  <suite name="Default suite" duration-ms="15400" started-at="2017-06-11T19:14:08Z" finished-at="2017-06-11T19:14:24Z">
    <groups>
    </groups>
    <test name="Default test" duration-ms="15400" started-at="2017-06-11T19:14:08Z" finished-at="2017-06-11T19:14:24Z">
      <class name="tests.TC_001">
        <test-method status="PASS" signature="bmet()[pri:0, instance:tests.TC_001@17fd0e6]" name="bmet" is-config="true" duration-ms="15069" started-at="2017-06-12T00:44:08Z" finished-at="2017-06-12T00:44:24Z">
          <reporter-output>
          </reporter-output>
        </test-method> <!-- bmet -->
        <test-method status="PASS" signature="fb_login()[pri:0, instance:tests.TC_001@17fd0e6]" name="fb_login" duration-ms="297" started-at="2017-06-12T00:44:24Z" finished-at="2017-06-12T00:44:24Z">
          <reporter-output>
          </reporter-output>
        </test-method> <!-- fb_login -->
      </class> <!-- tests.TC_001 -->
    </test> <!-- Default test -->
  </suite> <!-- Default suite -->
</testng-results>
